C51 COMPILER V9.51   AD                                                                    03/31/2014 14:40:45 PAGE 1   


C51 COMPILER V9.51, COMPILATION OF MODULE AD
OBJECT MODULE PLACED IN AD.OBJ
COMPILER INVOKED BY: D:\Program Files (x86)\keil\C51\BIN\C51.EXE AD.c ROM(COMPACT) BROWSE DEBUG OBJECTEXTEND TABS(3)

line level    source

   1          /*---------------------------------------------------
   2             AD.c (v1.00)
   3             
   4             adc functions
   5          ---------------------------------------------------*/ 
   6          
   7          #include "main.h"
   8          #include "port.h"
   9          
  10          #include "ad.h"
  11          
  12          /*----------------------------------------------------
  13             GetADCResult(tByte ch)
  14             通过指定通道，来生成ADC的值。
  15          ----------------------------------------------------*/
  16          
  17          tWord GetADCResult(tByte ch)
  18             {
  19   1         tByte DataL=0;
  20   1         tWord DataH=0;
  21   1         
  22   1         if(ch==5)   //检测拾音器的电量大小
  23   1            {
  24   2            P0DIDS|=0x20;  // Set ADC0 (P0.5 default) is input only mode
  25   2      
  26   2            AADR0=0; //选择通道P0.5
  27   2            AADR1=0;
  28   2            AADR2=1;
  29   2                                                                           
  30   2            ADCCON1|=0x80;                                          // Enable ADC Function   
  31   2            
  32   2            ADCI=0;                                           // Clear ADC flag (ADCI=0)
  33   2            ADCS=1;  
  34   2            
  35   2            DataL=ADCCON0;
  36   2            DataL=DataL>>6; 
  37   2      
  38   2            DataH=ADCH;
  39   2            DataH=(DataH<<2)+DataL;
  40   2      
  41   2            return DataH;
  42   2            }
  43   1         else if(ch==6) //电池检测
  44   1            {
  45   2            P0DIDS|=0x40;  // Set ADC0 (P0.6 default) is input only mode
  46   2      
  47   2            AADR0=1; //选择通道P0.5
  48   2            AADR1=0;
  49   2            AADR2=1;
  50   2                                                                           
  51   2             ADCCON1|=0x80;                                          // Enable ADC Function   
  52   2            
  53   2            ADCI=0;                                           // Clear ADC flag (ADCI=0)
  54   2            ADCS=1;  
  55   2            
C51 COMPILER V9.51   AD                                                                    03/31/2014 14:40:45 PAGE 2   

  56   2            DataL=ADCCON0;
  57   2            DataL=DataL>>6; 
  58   2      
  59   2            DataH=ADCH;
  60   2            DataH=(DataH<<2)+DataL;
  61   2      
  62   2            return DataH;
  63   2            }
  64   1         }
  65          
  66          /*---------------------------------------------------
  67             end of file
  68          ----------------------------------------------------*/    
  69          
*** WARNING C291 IN LINE 64 OF AD.c: not every exit path returns a value


MODULE INFORMATION:   STATIC OVERLAYABLE
   CODE SIZE        =    116    ----
   CONSTANT SIZE    =   ----    ----
   XDATA SIZE       =   ----    ----
   PDATA SIZE       =   ----    ----
   DATA SIZE        =   ----    ----
   IDATA SIZE       =   ----    ----
   BIT SIZE         =   ----    ----
END OF MODULE INFORMATION.


C51 COMPILATION COMPLETE.  1 WARNING(S),  0 ERROR(S)
