C51 COMPILER V9.51   COMMUNICATION                                                         03/31/2014 14:40:45 PAGE 1   


C51 COMPILER V9.51, COMPILATION OF MODULE COMMUNICATION
OBJECT MODULE PLACED IN communication.OBJ
COMPILER INVOKED BY: D:\Program Files (x86)\keil\C51\BIN\C51.EXE communication.c ROM(COMPACT) BROWSE DEBUG OBJECTEXTEND 
                    -TABS(3)

line level    source

   1          /*---------------------------------------------------
   2             communication.c (v1.00)
   3             
   4             通信程序
   5          ---------------------------------------------------*/ 
   6          
   7          #include "main.h"
   8          #include "port.h"
   9          
  10          #include "communication.h"
  11          #include "Delay.h"
  12          
  13          tByte myTxRxData[7]={0x00,0x00,0x00,0x00,0x00,0x00,0x00};
  14          
  15          /*--------------------------------------------------
  16             ComMode_1_Data()
  17             
  18             发送编码1到主机，主机会返回一个编码1信号，如果附机
  19             收到了，则附机知道主机在附近了。
  20          ---------------------------------------------------*/
  21          void ComMode_1_Data()         
  22             {
  23   1         tByte i,n;
  24   1         Receiver_EN = 1;        // turn off the receiver
  25   1         Delay(2);
  26   1      
  27   1         Transmitter_EN = 0;     // turn on the transmitter
  28   1      
  29   1         myTxRxData[0]=CmdHead;
  30   1         myTxRxData[1]=MyAddress;
  31   1         myTxRxData[2]=ComMode_1;
  32   1      
  33   1         initsignal();
  34   1      
  35   1         for(i=0;i<3;i++)
  36   1            {
  37   2            for(n=0;n<8;n++)
  38   2               {
  39   3               if((myTxRxData[i]&0x80)==0x80)
  40   3                  {
  41   4                  transmit_wire=0;
  42   4                  Delay3(120);   
  43   4                  }
  44   3               else  
  45   3                  {
  46   4                  transmit_wire=0;
  47   4                  Delay3(60);
  48   4                  }
  49   3               transmit_wire=1;
  50   3               myTxRxData[i]<<=1;
  51   3               Delay3(50);
  52   3               }
  53   2            }
  54   1         Transmitter_EN = 1;     // turn off the transmitter
C51 COMPILER V9.51   COMMUNICATION                                                         03/31/2014 14:40:45 PAGE 2   

  55   1         Delay(2);
  56   1      
  57   1         Receiver_EN = 0;        // turn on the receiver
  58   1      
  59   1         }
  60          
  61          /*----------------------------------------------------
  62             initsignal()
  63             
  64             初始化信号程序，接收机在接接收信号的时候，需要有
  65             一段代码来使接收机打开，而这一段程序有可能无法识别
  66             出来，而是相当于废代码，只占用通信时间。
  67          ----------------------------------------------------*/
  68          
  69          void initsignal()          
  70             {
  71   1         tByte k,k1;
  72   1         tByte mystartbuffer=0xaa;
  73   1         for(k1=0;k1<3;k1++)
  74   1            {
  75   2            for(k=0;k<8;k++)
  76   2               {
  77   3               if((mystartbuffer&0x80)==0x80)
  78   3                  {
  79   4                  transmit_wire=0;
  80   4                  Delay3(80); 
  81   4                  }
  82   3               else
  83   3                  {
  84   4                  transmit_wire=0;
  85   4                  Delay3(80); 
  86   4                  }
  87   3               transmit_wire=1;
  88   3               mystartbuffer<<=1;
  89   3               Delay3(150);   
  90   3               }
  91   2            mystartbuffer=0xaa;
  92   2            Delay3(80);
  93   2            }
  94   1         transmit_wire=1;
  95   1         }
  96          
  97          /*---------------------------------------------------
  98             end of file
  99          ----------------------------------------------------*/
 100          


MODULE INFORMATION:   STATIC OVERLAYABLE
   CODE SIZE        =    171    ----
   CONSTANT SIZE    =   ----    ----
   XDATA SIZE       =   ----    ----
   PDATA SIZE       =   ----    ----
   DATA SIZE        =      7       5
   IDATA SIZE       =   ----    ----
   BIT SIZE         =   ----    ----
END OF MODULE INFORMATION.


C51 COMPILATION COMPLETE.  0 WARNING(S),  0 ERROR(S)
