C51 COMPILER V9.51   OTHER                                                                 03/31/2014 14:40:45 PAGE 1   


C51 COMPILER V9.51, COMPILATION OF MODULE OTHER
OBJECT MODULE PLACED IN Other.OBJ
COMPILER INVOKED BY: D:\Program Files (x86)\keil\C51\BIN\C51.EXE Other.C ROM(COMPACT) BROWSE DEBUG OBJECTEXTEND TABS(3)

line level    source

   1          /*---------------------------------------------------
   2             Other.C (v1.00)
   3             
   4             其他函数
   5          ---------------------------------------------------*/ 
   6          
   7          #include "main.h"
   8          #include "port.h"
   9          
  10          #include "Other.h"
  11          #include "delay.h"
  12          
  13          // -------- Publice variable definitions -------------------------
  14          
  15          
  16          // -------- Publice variable declarations ------------------------
  17          
  18          
  19          /*----------------------------------------------------------------
  20             Moto_Vibration()
  21             使马达振动一段时间，通过控制PIN15的高低电平，来控制马达的电流
  22          -----------------------------------------------------------------*/
  23          void Moto_Vibration(void)
  24             {
  25   1         Moto_EN=0;           
  26   1         Delay(10);
  27   1         Moto_EN=1;
  28   1         }
  29          
  30          /*---------------------------------------------------
  31             end of file
  32          ----------------------------------------------------*/


MODULE INFORMATION:   STATIC OVERLAYABLE
   CODE SIZE        =     12    ----
   CONSTANT SIZE    =   ----    ----
   XDATA SIZE       =   ----    ----
   PDATA SIZE       =   ----    ----
   DATA SIZE        =   ----    ----
   IDATA SIZE       =   ----    ----
   BIT SIZE         =   ----    ----
END OF MODULE INFORMATION.


C51 COMPILATION COMPLETE.  0 WARNING(S),  0 ERROR(S)
