C51 COMPILER V9.51   PWM                                                                   03/31/2014 14:40:45 PAGE 1   


C51 COMPILER V9.51, COMPILATION OF MODULE PWM
OBJECT MODULE PLACED IN pwm.OBJ
COMPILER INVOKED BY: D:\Program Files (x86)\keil\C51\BIN\C51.EXE pwm.c ROM(COMPACT) BROWSE DEBUG OBJECTEXTEND TABS(3)

line level    source

   1          /*---------------------------------------------------
   2             pwm.c (v1.00)
   3             
   4             方波输出功能
   5          ---------------------------------------------------*/
   6          
   7          #include "main.h"
   8          #include "port.h"
   9          
  10          #include "pwm.h"
  11          
  12          tWord PWM_shadow;
  13          
  14          /*---------------------------------------------------
  15             Init_PWM()
  16             
  17             初始化方波输出功能
  18          ----------------------------------------------------*/
  19          
  20          void Init_PWM(void)
  21             {    
  22   1          PWMCON0 = 0xC0;  // Enable PWM and select auto reload mode    
  23   1          PWM_shadow = PWMP;
  24   1          PWMPH = HIBYTE(PWM_shadow);  // PWM Period
  25   1          PWMPL = LOBYTE(PWM_shadow);                               
  26   1         }
  27          
  28          /*---------------------------------------------------
  29             PWM_Channel()
  30             
  31             选择PWM方波输出的通道
  32          ----------------------------------------------------*/
  33          
  34          void PWM_Channel(E_PWMCNL_SEL Channel)  //选择PWM输出通道
  35             {
  36   1          switch(Channel)
  37   1            {
  38   2              case E_CHANNEL0:
  39   2                  PWM_shadow=PWM0_Duty;
  40   2                  PWM0H = HIBYTE(PWM_shadow);// PWM0 Duty (P0.1)
  41   2                  PWM0L = LOBYTE(PWM_shadow);
  42   2                  break;
  43   2              case E_CHANNEL1:
  44   2                  PWM_shadow=PWM1_Duty;
  45   2                  PWM1H = HIBYTE(PWM_shadow);// PWM1 Duty (P1.6)
  46   2                  PWM1L = LOBYTE(PWM_shadow);
  47   2                  break;
  48   2              case E_CHANNEL2:
  49   2                  PWM_shadow=PWM2_Duty;
  50   2                  PWM2H = HIBYTE(PWM_shadow);// PWM2 Duty (P1.7)
  51   2                  PWM2L = LOBYTE(PWM_shadow);
  52   2                  break;
  53   2              case E_CHANNEL3:
  54   2                  PWM_shadow=PWM3_Duty;
  55   2                  PWM3H = HIBYTE(PWM_shadow);// PWM3 Duty (P0.0)
C51 COMPILER V9.51   PWM                                                                   03/31/2014 14:40:45 PAGE 2   

  56   2                  PWM3L = LOBYTE(PWM_shadow);
  57   2                  break; 
  58   2            }
  59   1         }
  60          
  61          /*-------------------------------------------------------
  62             myPwm()
  63             
  64             方波输出打开
  65          --------------------------------------------------------*/
  66          
  67          void myPwm()
  68             {
  69   1         PWM_Channel(E_CHANNEL0);           // Select PWM channel.
  70   1         Init_PWM();                        // Enable PWM function and set PWM period.  
  71   1         }
  72          
  73          /*---------------------------------------------------
  74             end of file
  75          ----------------------------------------------------*/    
  76          
  77          
  78          


MODULE INFORMATION:   STATIC OVERLAYABLE
   CODE SIZE        =    100    ----
   CONSTANT SIZE    =   ----    ----
   XDATA SIZE       =   ----    ----
   PDATA SIZE       =   ----    ----
   DATA SIZE        =      2    ----
   IDATA SIZE       =   ----    ----
   BIT SIZE         =   ----    ----
END OF MODULE INFORMATION.


C51 COMPILATION COMPLETE.  0 WARNING(S),  0 ERROR(S)
