C51 COMPILER V9.51   UART                                                                  09/26/2013 16:11:04 PAGE 1   


C51 COMPILER V9.51, COMPILATION OF MODULE UART
OBJECT MODULE PLACED IN UART.OBJ
COMPILER INVOKED BY: D:\Program Files (x86)\keil\C51\BIN\C51.EXE UART.c BROWSE DEBUG OBJECTEXTEND

line level    source

   1          
   2          #include"N79E81x.h"
   3          #include"UART.h"
   4          
   5          unsigned char code PassWord[1000]=
   6          {
   7           0x00,0x01,0x02,0x03,0x04,0x05,0x06,0x07,0x08,0x09,0x0a,0x0b,0x0c,0x0d,0x0e,0x0f,0x10,0x11,0x12,0x13,0x14,
             -0x15,0x16,0x17,0x18,0x19,0x1a,0x1b,0x1c,0x1d,0x1e,0x1f,0x20,0x21,0x22,0x23,0x24,0x25,0x26,0x27,0x28,0x29,0x2a,0x2b,0x2c,
             -0x2d,0x2e,0x2f,0x30,0x31,
   8          
   9           0x00,0x01,0x02,0x03,0x04,0x05,0x06,0x07,0x08,0x09,0x0a,0x0b,0x0c,0x0d,0x0e,0x0f,0x10,0x11,0x12,0x13,0x14,
             -0x15,0x16,0x17,0x18,0x19,0x1a,0x1b,0x1c,0x1d,0x1e,0x1f,0x20,0x21,0x22,0x23,0x24,0x25,0x26,0x27,0x28,0x29,0x2a,0x2b,0x2c,
             -0x2d,0x2e,0x2f,0x30,0x31,
  10          
  11           0x00,0x01,0x02,0x03,0x04,0x05,0x06,0x07,0x08,0x09,0x0a,0x0b,0x0c,0x0d,0x0e,0x0f,0x10,0x11,0x12,0x13,0x14,
             -0x15,0x16,0x17,0x18,0x19,0x1a,0x1b,0x1c,0x1d,0x1e,0x1f,0x20,0x21,0x22,0x23,0x24,0x25,0x26,0x27,0x28,0x29,0x2a,0x2b,0x2c,
             -0x2d,0x2e,0x2f,0x30,0x31,
  12          
  13           0x00,0x01,0x02,0x03,0x04,0x05,0x06,0x07,0x08,0x09,0x0a,0x0b,0x0c,0x0d,0x0e,0x0f,0x10,0x11,0x12,0x13,0x14,
             -0x15,0x16,0x17,0x18,0x19,0x1a,0x1b,0x1c,0x1d,0x1e,0x1f,0x20,0x21,0x22,0x23,0x24,0x25,0x26,0x27,0x28,0x29,0x2a,0x2b,0x2c,
             -0x2d,0x2e,0x2f,0x30,0x31,
  14          
  15           0x00,0x01,0x02,0x03,0x04,0x05,0x06,0x07,0x08,0x09,0x0a,0x0b,0x0c,0x0d,0x0e,0x0f,0x10,0x11,0x12,0x13,0x14,
             -0x15,0x16,0x17,0x18,0x19,0x1a,0x1b,0x1c,0x1d,0x1e,0x1f,0x20,0x21,0x22,0x23,0x24,0x25,0x26,0x27,0x28,0x29,0x2a,0x2b,0x2c,
             -0x2d,0x2e,0x2f,0x30,0x31,
  16          
  17           0x00,0x01,0x02,0x03,0x04,0x05,0x06,0x07,0x08,0x09,0x0a,0x0b,0x0c,0x0d,0x0e,0x0f,0x10,0x11,0x12,0x13,0x14,
             -0x15,0x16,0x17,0x18,0x19,0x1a,0x1b,0x1c,0x1d,0x1e,0x1f,0x20,0x21,0x22,0x23,0x24,0x25,0x26,0x27,0x28,0x29,0x2a,0x2b,0x2c,
             -0x2d,0x2e,0x2f,0x30,0x31,
  18          
  19           0x00,0x01,0x02,0x03,0x04,0x05,0x06,0x07,0x08,0x09,0x0a,0x0b,0x0c,0x0d,0x0e,0x0f,0x10,0x11,0x12,0x13,0x14,
             -0x15,0x16,0x17,0x18,0x19,0x1a,0x1b,0x1c,0x1d,0x1e,0x1f,0x20,0x21,0x22,0x23,0x24,0x25,0x26,0x27,0x28,0x29,0x2a,0x2b,0x2c,
             -0x2d,0x2e,0x2f,0x30,0x31,
  20          
  21           0x00,0x01,0x02,0x03,0x04,0x05,0x06,0x07,0x08,0x09,0x0a,0x0b,0x0c,0x0d,0x0e,0x0f,0x10,0x11,0x12,0x13,0x14,
             -0x15,0x16,0x17,0x18,0x19,0x1a,0x1b,0x1c,0x1d,0x1e,0x1f,0x20,0x21,0x22,0x23,0x24,0x25,0x26,0x27,0x28,0x29,0x2a,0x2b,0x2c,
             -0x2d,0x2e,0x2f,0x30,0x31,
  22          
  23           0x00,0x01,0x02,0x03,0x04,0x05,0x06,0x07,0x08,0x09,0x0a,0x0b,0x0c,0x0d,0x0e,0x0f,0x10,0x11,0x12,0x13,0x14,
             -0x15,0x16,0x17,0x18,0x19,0x1a,0x1b,0x1c,0x1d,0x1e,0x1f,0x20,0x21,0x22,0x23,0x24,0x25,0x26,0x27,0x28,0x29,0x2a,0x2b,0x2c,
             -0x2d,0x2e,0x2f,0x30,0x31,
  24          
  25           0x00,0x01,0x02,0x03,0x04,0x05,0x06,0x07,0x08,0x09,0x0a,0x0b,0x0c,0x0d,0x0e,0x0f,0x10,0x11,0x12,0x13,0x14,
             -0x15,0x16,0x17,0x18,0x19,0x1a,0x1b,0x1c,0x1d,0x1e,0x1f,0x20,0x21,0x22,0x23,0x24,0x25,0x26,0x27,0x28,0x29,0x2a,0x2b,0x2c,
             -0x2d,0x2e,0x2f,0x30,0x31,
  26          
  27           0x00,0x01,0x02,0x03,0x04,0x05,0x06,0x07,0x08,0x09,0x0a,0x0b,0x0c,0x0d,0x0e,0x0f,0x10,0x11,0x12,0x13,0x14,
             -0x15,0x16,0x17,0x18,0x19,0x1a,0x1b,0x1c,0x1d,0x1e,0x1f,0x20,0x21,0x22,0x23,0x24,0x25,0x26,0x27,0x28,0x29,0x2a,0x2b,0x2c,
             -0x2d,0x2e,0x2f,0x30,0x31,
  28          
  29           0x00,0x01,0x02,0x03,0x04,0x05,0x06,0x07,0x08,0x09,0x0a,0x0b,0x0c,0x0d,0x0e,0x0f,0x10,0x11,0x12,0x13,0x14,
             -0x15,0x16,0x17,0x18,0x19,0x1a,0x1b,0x1c,0x1d,0x1e,0x1f,0x20,0x21,0x22,0x23,0x24,0x25,0x26,0x27,0x28,0x29,0x2a,0x2b,0x2c,
             -0x2d,0x2e,0x2f,0x30,0x31,
  30          
  31           0x00,0x01,0x02,0x03,0x04,0x05,0x06,0x07,0x08,0x09,0x0a,0x0b,0x0c,0x0d,0x0e,0x0f,0x10,0x11,0x12,0x13,0x14,
C51 COMPILER V9.51   UART                                                                  09/26/2013 16:11:04 PAGE 2   

             -0x15,0x16,0x17,0x18,0x19,0x1a,0x1b,0x1c,0x1d,0x1e,0x1f,0x20,0x21,0x22,0x23,0x24,0x25,0x26,0x27,0x28,0x29,0x2a,0x2b,0x2c,
             -0x2d,0x2e,0x2f,0x30,0x31,
  32          
  33           0x00,0x01,0x02,0x03,0x04,0x05,0x06,0x07,0x08,0x09,0x0a,0x0b,0x0c,0x0d,0x0e,0x0f,0x10,0x11,0x12,0x13,0x14,
             -0x15,0x16,0x17,0x18,0x19,0x1a,0x1b,0x1c,0x1d,0x1e,0x1f,0x20,0x21,0x22,0x23,0x24,0x25,0x26,0x27,0x28,0x29,0x2a,0x2b,0x2c,
             -0x2d,0x2e,0x2f,0x30,0x31,
  34          
  35           0x00,0x01,0x02,0x03,0x04,0x05,0x06,0x07,0x08,0x09,0x0a,0x0b,0x0c,0x0d,0x0e,0x0f,0x10,0x11,0x12,0x13,0x14,
             -0x15,0x16,0x17,0x18,0x19,0x1a,0x1b,0x1c,0x1d,0x1e,0x1f,0x20,0x21,0x22,0x23,0x24,0x25,0x26,0x27,0x28,0x29,0x2a,0x2b,0x2c,
             -0x2d,0x2e,0x2f,0x30,0x31,
  36          
  37           0x00,0x01,0x02,0x03,0x04,0x05,0x06,0x07,0x08,0x09,0x0a,0x0b,0x0c,0x0d,0x0e,0x0f,0x10,0x11,0x12,0x13,0x14,
             -0x15,0x16,0x17,0x18,0x19,0x1a,0x1b,0x1c,0x1d,0x1e,0x1f,0x20,0x21,0x22,0x23,0x24,0x25,0x26,0x27,0x28,0x29,0x2a,0x2b,0x2c,
             -0x2d,0x2e,0x2f,0x30,0x31,
  38          
  39           0x00,0x01,0x02,0x03,0x04,0x05,0x06,0x07,0x08,0x09,0x0a,0x0b,0x0c,0x0d,0x0e,0x0f,0x10,0x11,0x12,0x13,0x14,
             -0x15,0x16,0x17,0x18,0x19,0x1a,0x1b,0x1c,0x1d,0x1e,0x1f,0x20,0x21,0x22,0x23,0x24,0x25,0x26,0x27,0x28,0x29,0x2a,0x2b,0x2c,
             -0x2d,0x2e,0x2f,0x30,0x31,
  40          
  41           0x00,0x01,0x02,0x03,0x04,0x05,0x06,0x07,0x08,0x09,0x0a,0x0b,0x0c,0x0d,0x0e,0x0f,0x10,0x11,0x12,0x13,0x14,
             -0x15,0x16,0x17,0x18,0x19,0x1a,0x1b,0x1c,0x1d,0x1e,0x1f,0x20,0x21,0x22,0x23,0x24,0x25,0x26,0x27,0x28,0x29,0x2a,0x2b,0x2c,
             -0x2d,0x2e,0x2f,0x30,0x31,
  42          
  43           0x00,0x01,0x02,0x03,0x04,0x05,0x06,0x07,0x08,0x09,0x0a,0x0b,0x0c,0x0d,0x0e,0x0f,0x10,0x11,0x12,0x13,0x14,
             -0x15,0x16,0x17,0x18,0x19,0x1a,0x1b,0x1c,0x1d,0x1e,0x1f,0x20,0x21,0x22,0x23,0x24,0x25,0x26,0x27,0x28,0x29,0x2a,0x2b,0x2c,
             -0x2d,0x2e,0x2f,0x30,0x31,
  44          
  45           0x00,0x01,0x02,0x03,0x04,0x05,0x06,0x07,0x08,0x09,0x0a,0x0b,0x0c,0x0d,0x0e,0x0f,0x10,0x11,0x12,0x13,0x14,
             -0x15,0x16,0x17,0x18,0x19,0x1a,0x1b,0x1c,0x1d,0x1e,0x1f,0x20,0x21,0x22,0x23,0x24,0x25,0x26,0x27,0x28,0x29,0x2a,0x2b,0x2c,
             -0x2d,0x2e,0x2f,0x30,0x31
  46           } ;
  47          
  48          
  49          
  50          
  51          
  52          
  53          /*
  54          函数名： void InitUART()
  55          功能：  初始化UART
  56          说明：
  57          入口参数：无
  58          返回值：  无
  59          */
  60          void InitUART()
  61          {
  62   1              AUXR1 &=0xbf ; 
  63   1              SCON=0x5a;
  64   1              TMOD=0x20;
  65   1              TH1=TL1=-(FOSC/12/32/BAUD);
  66   1              TR1=1;
  67   1      }
  68          
  69          
  70          
  71          
  72          /*
  73          函数名： void SendData(BYTE dat)
  74          功能：  发送函数
  75          说明：
  76          入口参数：要发送的字节
  77          返回值：  无
C51 COMPILER V9.51   UART                                                                  09/26/2013 16:11:04 PAGE 3   

  78          */
  79          void SendData(unsigned char dat)
  80          {
  81   1              SBUF=dat;
  82   1              while(!TI);TI=0;
  83   1              
  84   1      }
  85          
  86          
  87          
  88          
  89          /*
  90          函数名：void SendNByte(BYTE *buf,BYTE len)
  91          功能： 发送多个字节
  92          说明：
  93          入口参数：要发送的数据地址，发送的字节长度
  94          返回值： 无
  95          */
  96          void SendNByte(unsigned char *buf,unsigned char len)
  97          {
  98   1              while(len--)
  99   1              {
 100   2                      SendData(*buf++);
 101   2              }
 102   1      }
 103          
 104          
 105          
 106          
 107          ///*
 108          //函数名：BYTE GetData()
 109          //功能：        接收函数
 110          //说明：
 111          //入口参数 ：无
 112          //返回值： 接收到的数据
 113          //*/
 114          //unsigned char GetData(void)
 115          //{
 116          //      unsigned char datt;
 117          //      while(!RI);RI=0;
 118          //      datt=SBUF;
 119          //      return datt;
 120          //}
 121          
 122          
 123          
 124          
 125          ///*
 126          //函数名：WORD  GainSum(BYTE *oneData,BYTE dataLen)
 127          //功能：        求和函数，作为奇偶校验
 128          //说明：
 129          
 130          //入口参数：接收的数据部分      ,数据长度
 131          //返回值：  校验数据
 132          //*/
 133          //unsigned int  GainSum(unsigned char *oneData,unsigned char dataLen)
 134          //{
 135          //      unsigned char i=0;
 136          //      unsigned int between=0;
 137          //
 138          //
 139          //      for(i=0;i<dataLen;i++)
C51 COMPILER V9.51   UART                                                                  09/26/2013 16:11:04 PAGE 4   

 140          //      {
 141          //      between=*oneData+between;
 142          //      oneData+=1;
 143          //      }
 144          //
 145          //      return between;
 146          //}
 147          
 148          
 149          
 150          
 151          
 152          
 153          
 154          
 155          
 156          
 157          
 158          


MODULE INFORMATION:   STATIC OVERLAYABLE
   CODE SIZE        =     62    ----
   CONSTANT SIZE    =   1000    ----
   XDATA SIZE       =   ----    ----
   PDATA SIZE       =   ----    ----
   DATA SIZE        =   ----       3
   IDATA SIZE       =   ----    ----
   BIT SIZE         =   ----    ----
END OF MODULE INFORMATION.


C51 COMPILATION COMPLETE.  0 WARNING(S),  0 ERROR(S)
