C51 COMPILER V9.51   VOICE                                                                 03/31/2014 14:40:45 PAGE 1   


C51 COMPILER V9.51, COMPILATION OF MODULE VOICE
OBJECT MODULE PLACED IN voice.OBJ
COMPILER INVOKED BY: D:\Program Files (x86)\keil\C51\BIN\C51.EXE voice.c ROM(COMPACT) BROWSE DEBUG OBJECTEXTEND TABS(3)

line level    source

   1          /*---------------------------------------------------
   2             voice.c (v1.00)
   3             
   4             语音提示子程序
   5          ---------------------------------------------------*/
   6          
   7          #include "main.h"
   8          #include "port.h"
   9          
  10          #include "voice.h"
  11          #include "Delay.h"
  12             
  13          /*--------------------------------------------------
  14             SC_Speech()
  15             
  16             调用语音芯片，播报语音提示，几次脉冲表示播放第
  17             几段语音提示
  18          ---------------------------------------------------*/
  19          void SC_Speech(tByte cnt)
  20             {                   
  21   1         tByte i;
  22   1         SC_RST = 0;
  23   1         delay_ms(100);
  24   1         SC_RST = 1;
  25   1         delay_ms(150);
  26   1         for(i=0;i < cnt;i++)
  27   1            {
  28   2            SC_DATA = 1;   // 数据脉冲高
  29   2            delay_us(20);  // 延时 100US
  30   2            SC_DATA = 0;   // 数据脉冲低
  31   2            delay_us(20);  // 延时 100US
  32   2            }
  33   1         }
  34          
  35          /*-------------------------------------------------
  36             noVoice()
  37             
  38             在上电的时候调用，屏蔽语音的误报
  39          --------------------------------------------------*/
  40          void noVoice()
  41             {
  42   1         P14 = 0;
  43   1         SC_DATA = 0;
  44   1         SC_RST = 0;
  45   1         delay_us(100); //上电复位防止干扰发声
  46   1         SC_RST = 1;
  47   1         delay_us(100);
  48   1         P14 = 1;
  49   1         }
  50          
  51          /*-------------------------------------------------------------
  52             Alarm_stolen_speech()
  53             被盗之后的报警语音，附机接收到主机的被盗信号，发出语音提示
  54          ---------------------------------------------------------------*/
  55          void Alarm_stolen_speech(void)
C51 COMPILER V9.51   VOICE                                                                 03/31/2014 14:40:45 PAGE 2   

  56             {
  57   1         Voice_EN = 1;
  58   1         SC_Speech(4);
  59   1         Delay(150);
  60   1         Voice_EN = 0;
  61   1         }
  62             
  63          /*--------------------------------------------------------------
  64             Alarm_raised_speech()
  65             主机被抬起时，给附机发信号，附机语音提示主机被抬起。
  66          ---------------------------------------------------------------*/
  67          void Alarm_raised_speech(void)
  68             {
  69   1         Voice_EN = 1;
  70   1         SC_Speech(3);
  71   1         Delay(140);
  72   1         Voice_EN = 0;
  73   1         }
  74             
  75          /*--------------------------------------------------------------
  76             Alarm_fell_speech()
  77             主机摔倒在地上后，附机语音提示主机倒地上了。
  78          ----------------------------------------------------------------*/
  79          void Alarm_fell_speech(void)
  80             {
  81   1         Voice_EN = 1;
  82   1         SC_Speech(2);
  83   1         Delay(120);
  84   1         Voice_EN = 0;
  85   1         }
  86             
  87          /*---------------------------------------------------------------
  88             Battery_low_alarm_speech()
  89             电量低于一定值的时候，附机语音提示电量不足
  90          ----------------------------------------------------------------*/
  91          void Battery_low_alarm_speech(void)
  92             {
  93   1            Voice_EN = 1;
  94   1            SC_Speech(9);
  95   1            Delay(120);
  96   1            Voice_EN = 0;
  97   1         }
  98          
  99          /*---------------------------------------------------------------
 100             Battery_high_alarm_speech()
 101             附机电池电量高于一定值，表示电池充满电，语音提示充满
 102          ----------------------------------------------------------------*/
 103          void Battery_high_alarm_speech(void)
 104             {
 105   1         Voice_EN = 1;
 106   1         SC_Speech(14);
 107   1         Delay(120);
 108   1         Voice_EN = 0;
 109   1         }
 110             
 111          /*---------------------------------------------------------------
 112             Host_battery_high_alarm_speech()
 113             当主机电充满后，发送信号给附机，附机收到后，语音提示主机充满电
 114             了。
 115          ---------------------------------------------------------------*/
 116          void Host_battery_high_alarm_speech(void)
 117             {
C51 COMPILER V9.51   VOICE                                                                 03/31/2014 14:40:45 PAGE 3   

 118   1            Voice_EN = 1;
 119   1            SC_Speech(7);  
 120   1            Delay(80);
 121   1            Voice_EN = 0;
 122   1         }
 123          
 124          /*---------------------------------------------------------------
 125             battery_stolen_speech()
 126             接到主机电瓶被盗的信号后，语音提示
 127          ---------------------------------------------------------------*/
 128          void battery_stolen_speech(void)
 129             {
 130   1         Voice_EN = 1;
 131   1         SC_Speech(11);  
 132   1         Delay(50);
 133   1         Voice_EN = 0;
 134   1         }
 135          
 136          /*---------------------------------------------------
 137             end of file
 138          ----------------------------------------------------*/


MODULE INFORMATION:   STATIC OVERLAYABLE
   CODE SIZE        =    197    ----
   CONSTANT SIZE    =   ----    ----
   XDATA SIZE       =   ----    ----
   PDATA SIZE       =   ----    ----
   DATA SIZE        =   ----       2
   IDATA SIZE       =   ----    ----
   BIT SIZE         =   ----    ----
END OF MODULE INFORMATION.


C51 COMPILATION COMPLETE.  0 WARNING(S),  0 ERROR(S)
