C51 COMPILER V9.51   BACKUP                                                                09/26/2013 16:23:54 PAGE 1   


C51 COMPILER V9.51, COMPILATION OF MODULE BACKUP
OBJECT MODULE PLACED IN backup.OBJ
COMPILER INVOKED BY: D:\Program Files (x86)\keil\C51\BIN\C51.EXE backup.c BROWSE DEBUG OBJECTEXTEND

line level    source

   1          //backup
   2          
   3          if(detect_stolen_flag==0)
*** ERROR C141 IN LINE 3 OF backup.c: syntax error near 'if'
*** ERROR C141 IN LINE 3 OF backup.c: syntax error near '==', expected ')'
   4                          {
   5                                  if(ReceWave==1)
*** ERROR C141 IN LINE 5 OF backup.c: syntax error near '==', expected ')'
   6                                  {
   7                                          time0Count_2++;
*** ERROR C129 IN LINE 7 OF backup.c: missing ';' before '++'
   8                                          if(time0Count_2==10)
   9                                          {
  10                                                  time0Count_2=20;
  11                                                  SensorCount=1;
  12                                                  alarmFlag2=1;
  13                                                  detect_stolen_flag=1;
  14                                                  detect_stolen_count=0;
  15                                          }
  16                                  }
  17                          }
  18                          else if(detect_stolen_flag==1)
  19                          {
  20                                  detect_stolen_count++;
  21                                  if((detect_stolen_count>=20)&&(detect_stolen_count<40))
  22                                  {
  23                                          if(ReceWave==1)
  24                                          {
  25                                                  time0Count_6++;
  26                                                  if(time0Count_6==10)
  27                                                  {
  28                                                          SensorCount=2;
  29                                                          alarmFlag2=1;
  30                                                  }
  31                                          }
  32                                  }
  33                                  else if((detect_stolen_count>=240)&&(detect_stolen_count<360))
  34                                  {
  35                                          if(ReceWave==1)
  36                                          {
  37                                                  time0Count_7++;
  38                                                  if(time0Count_7==10)
  39                                                  {
  40                                                          SensorCount=3;
  41                                                          alarmFlag2=1;
  42                                                  }
  43                                          }       
  44                                  }
  45                                  else
  46                                  {
  47                                          time0Count_2=0;
  48                                          time0Count_6=0;
  49                                          time0Count_7=0;
  50                                          SensorCount=0;
  51                                          alarmFlag2=0;
C51 COMPILER V9.51   BACKUP                                                                09/26/2013 16:23:54 PAGE 2   

  52                                          detect_stolen_count=0;
  53                                          detect_stolen_flag=0;
  54                                          speech1_count=0;
  55                                          speech2_count=0;
  56                                  }
  57                          }
  58          
  59          
  60          
  61          
  62          if(ModeFlag==2&&SensorCount>=1)//三轴传感器脉冲的相应报警
  63                  {
  64                          if(SensorCount==1&&alarmFlag2==1)//三轴传感器一次触发,alarmFlag2控制发声1次
  65                          {                                       
  66                                  if((upSignal!=0)&&(downSignal!=0))
  67                                  {
  68          //                              sendspeech1=1;
  69                                          alarmFlag2=0;
  70          
  71                                          PAshutdown=1;
  72                                          SC_Speech(17);  //关机语言提醒
  73                                          Delay(80);
  74                                          PAshutdown=0;
  75                                  }
  76                          }
  77          
  78                          if((SensorCount==2)&&(alarmFlag2==1))
  79                          {
  80                                  if((upSignal!=0)&&(downSignal!=0))
  81                                  {
  82                                          sendspeech2=1;
  83                                          alarmFlag2=0;
  84          
  85                                          PAshutdown=1;
  86                                          SC_Speech(18);  //关机语言提醒
  87                                          Delay(80);
  88                                          SC_Speech(16);  //关机语言提醒
  89                                          Delay(80);
  90                                          PAshutdown=0;
  91                                  }                       
  92                          }
  93          
  94                          if(SensorCount>=3)
  95                          {
  96                                  sendspeech3=1;
  97                                  alarmFlag2=0;
  98                                  stolenflag=1;
  99                                  alarmFlag=1;//置语音报警位
 100                                  alarmFlag2=0;
 101                                  downFlag=0;
 102                                  upFlag=0;
 103                                  SensorCount=0; //脉冲计数清零
 104                          }
 105          /*
 106                          if(SensorCount>=4)//三轴传感器一次触发
 107                          {
 108                                  ModeFlag=3;//三轴传感器已经有2次触发了，要改变发射模式了
 109                                  sendspeech4=1;
 110                                  stolenflag=1;
 111          
 112                                  alarmFlag=1;//置语音报警位
 113                                  alarmFlag2=0;
C51 COMPILER V9.51   BACKUP                                                                09/26/2013 16:23:54 PAGE 3   

 114                                  downFlag=0;
 115                                  upFlag=0;
 116                                  SensorCount=0; //脉冲计数清零
 117                          }
 118          */
 119                  }
 120          
 121          
 122          
 123          
 124          /*
 125                  if(ModeFlag==3)
 126                  {
 127          
 128          
 129          
 130                          alarmCount++;
 131                          if(alarmCount>=2000) //调节语音的段数
 132                          {
 133                                  alarmCount=0;//清报警计数器
 134                                  alarmFlag=0;//清报警标志
 135                          }
 136                  }
 137          */

C51 COMPILATION COMPLETE.  0 WARNING(S),  4 ERROR(S)
