C51 COMPILER V9.51   BATTERY                                                               04/15/2014 14:04:52 PAGE 1   


C51 COMPILER V9.51, COMPILATION OF MODULE BATTERY
OBJECT MODULE PLACED IN Battery.OBJ
COMPILER INVOKED BY: D:\Program Files (x86)\keil\C51\BIN\C51.EXE Battery.c BROWSE DEBUG OBJECTEXTEND TABS(3)

line level    source

   1          /*---------------------------------------------------
   2             Battery.c (v1.00)
   3             
   4             电池电量判断
   5          ---------------------------------------------------*/ 
   6          
   7          #include "main.h"
   8          #include "port.h"
   9          
  10          #include "Battery.h"
  11          #include "voice.h"
  12          #include "Delay.h"
  13          
  14          /*------ public variable -----------------------------------*/
  15          extern tByte key_rotated_on_flag;
  16          
  17          /*----------------------------------------------------
  18             verifybattery()
  19             voice alarm for battery status
  20          -----------------------------------------------------*/
  21          
  22          void verifybattery(tWord Check2)
  23             {  
  24   1         // battery is sufficient, battery > 55V, 4.04V/4.93V
  25   1         if((Check2 >= 0x345))
  26   1            {
  27   2            voice_EN = 1;
  28   2            SC_Speech(28);    
  29   2            Delay(50);
  30   2            voice_EN = 0;
  31   2            }
  32   1         // 20km, 52V < battery < 55, 3.87V/4.93V
  33   1         else if((Check2 < 0x340)&&(Check2 >= 0x324))    
  34   1            {
  35   2            voice_EN = 1;
  36   2            SC_Speech(10);  
  37   2            Delay(80);
  38   2            voice_EN = 0;
  39   2            }
  40   1         // 15km, 50V < battery < 52V, 3.77V/4.93V 
  41   1         else if((Check2 < 0x320)&&(Check2 >= 0x30f))    
  42   1            {
  43   2            voice_EN = 1;
  44   2            SC_Speech(9);     
  45   2            Delay(80);
  46   2            voice_EN = 0;
  47   2            }
  48   1         // 10km, 48V < battery <50V, 3.66V/4.93V
  49   1         else if((Check2 < 0x30a)&&(Check2 >= 0x2f8))    
  50   1            {
  51   2            voice_EN = 1;
  52   2            SC_Speech(8);     
  53   2            Delay(80);
  54   2            voice_EN = 0;
  55   2            }
C51 COMPILER V9.51   BATTERY                                                               04/15/2014 14:04:52 PAGE 2   

  56   1         // 5km, 46V < battery < 48V, 3.56V/4.93V
  57   1         else if((Check2 < 0x2f3)&&(Check2 >= 0x2e3))    
  58   1            {
  59   2            voice_EN =1;
  60   2            SC_Speech(7);     //4V电量充足提示
  61   2            Delay(80);
  62   2            voice_EN = 0;
  63   2            }                     
  64   1         // battery is low, battery < 46V
  65   1         else if(Check2 < 0x2e0)
  66   1            {
  67   2            motorBAT_low_speech();
  68   2            }
  69   1         }
  70          
  71          /*---------------------------------------------------
  72             end of file
  73          ----------------------------------------------------*/


MODULE INFORMATION:   STATIC OVERLAYABLE
   CODE SIZE        =    180    ----
   CONSTANT SIZE    =   ----    ----
   XDATA SIZE       =   ----    ----
   PDATA SIZE       =   ----    ----
   DATA SIZE        =   ----       2
   IDATA SIZE       =   ----    ----
   BIT SIZE         =   ----    ----
END OF MODULE INFORMATION.


C51 COMPILATION COMPLETE.  0 WARNING(S),  0 ERROR(S)
