C51 COMPILER V9.51   UART                                                                  09/26/2013 16:29:03 PAGE 1   


C51 COMPILER V9.51, COMPILATION OF MODULE UART
OBJECT MODULE PLACED IN UART.OBJ
COMPILER INVOKED BY: D:\Program Files (x86)\keil\C51\BIN\C51.EXE UART.c BROWSE DEBUG OBJECTEXTEND

line level    source

   1          
   2          #include"N79E81x.h"
   3          #include"UART.h"
   4          
   5          //typedef unsigned char BYTE;
   6          //typedef unsigned int  WORD;
   7          
   8          
   9          //#define FOSC 11059200L
  10          //#define BAUD 9600
  11          
  12          
  13          
  14          
  15          
  16          //定义通信命令
  17          
  18          
  19          
  20          
  21          /*
  22          unsigned char code PassWord[1000]=
  23          {
  24           0x00,0x01,0x02,0x03,0x04,0x05,0x06,0x07,0x08,0x09,0x0a,0x0b,0x0c,0x0d,0x0e,0x0f,0x10,0x11,0x12,0x13,0x14,
             -0x15,0x16,0x17,0x18,0x19,0x1a,0x1b,0x1c,0x1d,0x1e,0x1f,0x20,0x21,0x22,0x23,0x24,0x25,0x26,0x27,0x28,0x29,0x2a,0x2b,0x2c,
             -0x2d,0x2e,0x2f,0x30,0x31,
  25          
  26           0x00,0x01,0x02,0x03,0x04,0x05,0x06,0x07,0x08,0x09,0x0a,0x0b,0x0c,0x0d,0x0e,0x0f,0x10,0x11,0x12,0x13,0x14,
             -0x15,0x16,0x17,0x18,0x19,0x1a,0x1b,0x1c,0x1d,0x1e,0x1f,0x20,0x21,0x22,0x23,0x24,0x25,0x26,0x27,0x28,0x29,0x2a,0x2b,0x2c,
             -0x2d,0x2e,0x2f,0x30,0x31,
  27          
  28           0x00,0x01,0x02,0x03,0x04,0x05,0x06,0x07,0x08,0x09,0x0a,0x0b,0x0c,0x0d,0x0e,0x0f,0x10,0x11,0x12,0x13,0x14,
             -0x15,0x16,0x17,0x18,0x19,0x1a,0x1b,0x1c,0x1d,0x1e,0x1f,0x20,0x21,0x22,0x23,0x24,0x25,0x26,0x27,0x28,0x29,0x2a,0x2b,0x2c,
             -0x2d,0x2e,0x2f,0x30,0x31,
  29          
  30           0x00,0x01,0x02,0x03,0x04,0x05,0x06,0x07,0x08,0x09,0x0a,0x0b,0x0c,0x0d,0x0e,0x0f,0x10,0x11,0x12,0x13,0x14,
             -0x15,0x16,0x17,0x18,0x19,0x1a,0x1b,0x1c,0x1d,0x1e,0x1f,0x20,0x21,0x22,0x23,0x24,0x25,0x26,0x27,0x28,0x29,0x2a,0x2b,0x2c,
             -0x2d,0x2e,0x2f,0x30,0x31,
  31          
  32           0x00,0x01,0x02,0x03,0x04,0x05,0x06,0x07,0x08,0x09,0x0a,0x0b,0x0c,0x0d,0x0e,0x0f,0x10,0x11,0x12,0x13,0x14,
             -0x15,0x16,0x17,0x18,0x19,0x1a,0x1b,0x1c,0x1d,0x1e,0x1f,0x20,0x21,0x22,0x23,0x24,0x25,0x26,0x27,0x28,0x29,0x2a,0x2b,0x2c,
             -0x2d,0x2e,0x2f,0x30,0x31,
  33          
  34           0x00,0x01,0x02,0x03,0x04,0x05,0x06,0x07,0x08,0x09,0x0a,0x0b,0x0c,0x0d,0x0e,0x0f,0x10,0x11,0x12,0x13,0x14,
             -0x15,0x16,0x17,0x18,0x19,0x1a,0x1b,0x1c,0x1d,0x1e,0x1f,0x20,0x21,0x22,0x23,0x24,0x25,0x26,0x27,0x28,0x29,0x2a,0x2b,0x2c,
             -0x2d,0x2e,0x2f,0x30,0x31,
  35          
  36           0x00,0x01,0x02,0x03,0x04,0x05,0x06,0x07,0x08,0x09,0x0a,0x0b,0x0c,0x0d,0x0e,0x0f,0x10,0x11,0x12,0x13,0x14,
             -0x15,0x16,0x17,0x18,0x19,0x1a,0x1b,0x1c,0x1d,0x1e,0x1f,0x20,0x21,0x22,0x23,0x24,0x25,0x26,0x27,0x28,0x29,0x2a,0x2b,0x2c,
             -0x2d,0x2e,0x2f,0x30,0x31,
  37          
  38           0x00,0x01,0x02,0x03,0x04,0x05,0x06,0x07,0x08,0x09,0x0a,0x0b,0x0c,0x0d,0x0e,0x0f,0x10,0x11,0x12,0x13,0x14,
             -0x15,0x16,0x17,0x18,0x19,0x1a,0x1b,0x1c,0x1d,0x1e,0x1f,0x20,0x21,0x22,0x23,0x24,0x25,0x26,0x27,0x28,0x29,0x2a,0x2b,0x2c,
             -0x2d,0x2e,0x2f,0x30,0x31,
  39          
C51 COMPILER V9.51   UART                                                                  09/26/2013 16:29:03 PAGE 2   

  40           0x00,0x01,0x02,0x03,0x04,0x05,0x06,0x07,0x08,0x09,0x0a,0x0b,0x0c,0x0d,0x0e,0x0f,0x10,0x11,0x12,0x13,0x14,
             -0x15,0x16,0x17,0x18,0x19,0x1a,0x1b,0x1c,0x1d,0x1e,0x1f,0x20,0x21,0x22,0x23,0x24,0x25,0x26,0x27,0x28,0x29,0x2a,0x2b,0x2c,
             -0x2d,0x2e,0x2f,0x30,0x31,
  41          
  42           0x00,0x01,0x02,0x03,0x04,0x05,0x06,0x07,0x08,0x09,0x0a,0x0b,0x0c,0x0d,0x0e,0x0f,0x10,0x11,0x12,0x13,0x14,
             -0x15,0x16,0x17,0x18,0x19,0x1a,0x1b,0x1c,0x1d,0x1e,0x1f,0x20,0x21,0x22,0x23,0x24,0x25,0x26,0x27,0x28,0x29,0x2a,0x2b,0x2c,
             -0x2d,0x2e,0x2f,0x30,0x31,
  43          
  44           0x00,0x01,0x02,0x03,0x04,0x05,0x06,0x07,0x08,0x09,0x0a,0x0b,0x0c,0x0d,0x0e,0x0f,0x10,0x11,0x12,0x13,0x14,
             -0x15,0x16,0x17,0x18,0x19,0x1a,0x1b,0x1c,0x1d,0x1e,0x1f,0x20,0x21,0x22,0x23,0x24,0x25,0x26,0x27,0x28,0x29,0x2a,0x2b,0x2c,
             -0x2d,0x2e,0x2f,0x30,0x31,
  45          
  46           0x00,0x01,0x02,0x03,0x04,0x05,0x06,0x07,0x08,0x09,0x0a,0x0b,0x0c,0x0d,0x0e,0x0f,0x10,0x11,0x12,0x13,0x14,
             -0x15,0x16,0x17,0x18,0x19,0x1a,0x1b,0x1c,0x1d,0x1e,0x1f,0x20,0x21,0x22,0x23,0x24,0x25,0x26,0x27,0x28,0x29,0x2a,0x2b,0x2c,
             -0x2d,0x2e,0x2f,0x30,0x31,
  47          
  48           0x00,0x01,0x02,0x03,0x04,0x05,0x06,0x07,0x08,0x09,0x0a,0x0b,0x0c,0x0d,0x0e,0x0f,0x10,0x11,0x12,0x13,0x14,
             -0x15,0x16,0x17,0x18,0x19,0x1a,0x1b,0x1c,0x1d,0x1e,0x1f,0x20,0x21,0x22,0x23,0x24,0x25,0x26,0x27,0x28,0x29,0x2a,0x2b,0x2c,
             -0x2d,0x2e,0x2f,0x30,0x31,
  49          
  50           0x00,0x01,0x02,0x03,0x04,0x05,0x06,0x07,0x08,0x09,0x0a,0x0b,0x0c,0x0d,0x0e,0x0f,0x10,0x11,0x12,0x13,0x14,
             -0x15,0x16,0x17,0x18,0x19,0x1a,0x1b,0x1c,0x1d,0x1e,0x1f,0x20,0x21,0x22,0x23,0x24,0x25,0x26,0x27,0x28,0x29,0x2a,0x2b,0x2c,
             -0x2d,0x2e,0x2f,0x30,0x31,
  51          
  52           0x00,0x01,0x02,0x03,0x04,0x05,0x06,0x07,0x08,0x09,0x0a,0x0b,0x0c,0x0d,0x0e,0x0f,0x10,0x11,0x12,0x13,0x14,
             -0x15,0x16,0x17,0x18,0x19,0x1a,0x1b,0x1c,0x1d,0x1e,0x1f,0x20,0x21,0x22,0x23,0x24,0x25,0x26,0x27,0x28,0x29,0x2a,0x2b,0x2c,
             -0x2d,0x2e,0x2f,0x30,0x31,
  53          
  54           0x00,0x01,0x02,0x03,0x04,0x05,0x06,0x07,0x08,0x09,0x0a,0x0b,0x0c,0x0d,0x0e,0x0f,0x10,0x11,0x12,0x13,0x14,
             -0x15,0x16,0x17,0x18,0x19,0x1a,0x1b,0x1c,0x1d,0x1e,0x1f,0x20,0x21,0x22,0x23,0x24,0x25,0x26,0x27,0x28,0x29,0x2a,0x2b,0x2c,
             -0x2d,0x2e,0x2f,0x30,0x31,
  55          
  56           0x00,0x01,0x02,0x03,0x04,0x05,0x06,0x07,0x08,0x09,0x0a,0x0b,0x0c,0x0d,0x0e,0x0f,0x10,0x11,0x12,0x13,0x14,
             -0x15,0x16,0x17,0x18,0x19,0x1a,0x1b,0x1c,0x1d,0x1e,0x1f,0x20,0x21,0x22,0x23,0x24,0x25,0x26,0x27,0x28,0x29,0x2a,0x2b,0x2c,
             -0x2d,0x2e,0x2f,0x30,0x31,
  57          
  58           0x00,0x01,0x02,0x03,0x04,0x05,0x06,0x07,0x08,0x09,0x0a,0x0b,0x0c,0x0d,0x0e,0x0f,0x10,0x11,0x12,0x13,0x14,
             -0x15,0x16,0x17,0x18,0x19,0x1a,0x1b,0x1c,0x1d,0x1e,0x1f,0x20,0x21,0x22,0x23,0x24,0x25,0x26,0x27,0x28,0x29,0x2a,0x2b,0x2c,
             -0x2d,0x2e,0x2f,0x30,0x31,
  59          
  60           0x00,0x01,0x02,0x03,0x04,0x05,0x06,0x07,0x08,0x09,0x0a,0x0b,0x0c,0x0d,0x0e,0x0f,0x10,0x11,0x12,0x13,0x14,
             -0x15,0x16,0x17,0x18,0x19,0x1a,0x1b,0x1c,0x1d,0x1e,0x1f,0x20,0x21,0x22,0x23,0x24,0x25,0x26,0x27,0x28,0x29,0x2a,0x2b,0x2c,
             -0x2d,0x2e,0x2f,0x30,0x31,
  61          
  62           0x00,0x01,0x02,0x03,0x04,0x05,0x06,0x07,0x08,0x09,0x0a,0x0b,0x0c,0x0d,0x0e,0x0f,0x10,0x11,0x12,0x13,0x14,
             -0x15,0x16,0x17,0x18,0x19,0x1a,0x1b,0x1c,0x1d,0x1e,0x1f,0x20,0x21,0x22,0x23,0x24,0x25,0x26,0x27,0x28,0x29,0x2a,0x2b,0x2c,
             -0x2d,0x2e,0x2f,0x30,0x31
  63           } ;
  64          */
  65          
  66          
  67          
  68          
  69          
  70          /*
  71          函数名： void InitUART()
  72          功能：  初始化UART
  73          说明：
  74          入口参数：无
  75          返回值：  无
  76          */
  77          /*
C51 COMPILER V9.51   UART                                                                  09/26/2013 16:29:03 PAGE 3   

  78          void InitUART()
  79          {
  80                  AUXR1 &=0xbf ; 
  81                  SCON=0x5a;
  82                  TMOD=0x20;
  83                  TH1=TL1=-(FOSC/12/32/BAUD);
  84                  TR1=1;
  85          }
  86          */
  87          
  88          
  89          
  90          /*
  91          函数名： void SendData(BYTE dat)
  92          功能：  发送函数
  93          说明：
  94          入口参数：要发送的字节
  95          返回值：  无
  96          
  97          void SendData(unsigned char dat)
  98          {
  99                  SBUF=dat;
 100                  while(!TI);TI=0;
 101                  
 102          }
 103          */
 104          
 105          
 106          
 107          /*
 108          函数名：void SendNByte(BYTE *buf,BYTE len)
 109          功能： 发送多个字节
 110          说明：
 111          入口参数：要发送的数据地址，发送的字节长度
 112          返回值： 无
 113          */
 114          /*
 115          void SendNByte(unsigned char *buf,unsigned char len)
 116          {
 117                  while(len--)
 118                  {
 119                          SendData(*buf++);
 120                  }
 121          }
 122          */
 123          
 124          
 125          //
 126          ///*
 127          //函数名：BYTE GetData()
 128          //功能：        接收函数
 129          //说明：
 130          //入口参数 ：无
 131          //返回值： 接收到的数据
 132          //*/
 133          //unsigned char GetData(void)
 134          //{
 135          //      unsigned char datt;
 136          //      while(!RI);RI=0;
 137          //      datt=SBUF;
 138          //      return datt;
 139          //}
C51 COMPILER V9.51   UART                                                                  09/26/2013 16:29:03 PAGE 4   

 140          
 141          
 142          
 143          
 144          ///*
 145          //函数名：WORD  GainSum(BYTE *oneData,BYTE dataLen)
 146          //功能：        求和函数，作为奇偶校验
 147          //说明：
 148          //入口参数：接收的数据部分      ,数据长度
 149          //返回值：  校验数据
 150          //*/
 151          //unsigned int  GainSum(unsigned char *oneData,unsigned char dataLen)
 152          //{
 153          //      unsigned char i=0;
 154          //      unsigned int between=0;
 155          //
 156          //
 157          //      for(i=0;i<dataLen;i++)
 158          //      {
 159          //      between=*oneData+between;
 160          //      oneData+=1;
 161          //      }
 162          //
 163          //      return between;
 164          //}
 165          
 166          
 167          
 168          
 169          
 170          
 171          
 172          
 173          
 174          
 175          
 176          


MODULE INFORMATION:   STATIC OVERLAYABLE
   CODE SIZE        =   ----    ----
   CONSTANT SIZE    =   ----    ----
   XDATA SIZE       =   ----    ----
   PDATA SIZE       =   ----    ----
   DATA SIZE        =   ----    ----
   IDATA SIZE       =   ----    ----
   BIT SIZE         =   ----    ----
END OF MODULE INFORMATION.


C51 COMPILATION COMPLETE.  0 WARNING(S),  0 ERROR(S)
