C51 COMPILER V9.51   VOICE                                                                 04/15/2014 14:04:52 PAGE 1   


C51 COMPILER V9.51, COMPILATION OF MODULE VOICE
OBJECT MODULE PLACED IN voice.OBJ
COMPILER INVOKED BY: D:\Program Files (x86)\keil\C51\BIN\C51.EXE voice.c BROWSE DEBUG OBJECTEXTEND TABS(3)

line level    source

   1          /*---------------------------------------------------
   2             voice.c (v1.00)
   3             
   4             include the voice function
   5          ---------------------------------------------------*/
   6          
   7          #include "main.h"
   8          #include "port.h"
   9          
  10          #include "voice.h"
  11          #include "Delay.h"
  12          #include "communication.h"
  13          
  14          /*------ private variable --------------------------*/
  15          tByte key_rotate_on_speech_number = 1;
  16             
  17          /*--------------------------------------------------
  18             SC_Speech()
  19             
  20             control the voice IC, need which seg, so send how many pulses.
  21          ---------------------------------------------------*/
  22          
  23          void SC_Speech(tByte cnt)
  24             {
  25   1         tByte i;
  26   1         SC_RST = 0;
  27   1         delay_ms(100);
  28   1         SC_RST = 1;
  29   1         delay_ms(150);
  30   1         for(i=0; i < cnt; i++)
  31   1            {
  32   2            SC_DATA = 1; 
  33   2            delay_us(20);
  34   2            SC_DATA = 0; 
  35   2            delay_us(20);
  36   2            }
  37   1         }
  38          
  39          /*--------------------------------------------------
  40             SC_Speech2()
  41             
  42             control the voice IC, need which seg, so send how many pulses.
  43          
  44          void SC_Speech2(tByte cnt)
  45          {
  46             tByte i;
  47             SC_RST=0;
  48             delay_ms(40);
  49             SC_RST=1;
  50             delay_ms(40);
  51             for(i=0;i < cnt;i++)
  52             {
  53                SC_DATA=1; // 数据脉冲高
  54                delay_us(350);
  55                SC_DATA=0; // 数据脉冲低
C51 COMPILER V9.51   VOICE                                                                 04/15/2014 14:04:52 PAGE 2   

  56                delay_us(350);
  57             }
  58          }
  59          ---------------------------------------------------*/
  60          
  61          /*-------------------------------------------------
  62             noVoice()
  63             
  64             在上电的时候调用，屏蔽语音的误报
  65          --------------------------------------------------*/
  66          
  67          void noVoice()
  68             {
  69   1         P14=0;
  70   1         SC_DATA = 0;
  71   1         SC_RST = 0;
  72   1         delay_us(350); // 上电复位防止干扰发声
  73   1         SC_RST = 1;
  74   1         delay_us(350);
  75   1         P14 = 1;
  76   1         }
  77          
  78          /*----------------------------------------------------
  79             key_rotate_on_speech()
  80             speech for key rotated on
  81          -----------------------------------------------------*/
  82          void key_rotate_on_speech(void)
  83             {
  84   1         switch(key_rotate_on_speech_number)
  85   1            {
  86   2            case 1:
  87   2               {
  88   3               voice_EN = 1;
  89   3               SC_Speech(14);  
  90   3               Delay(30);
  91   3               SC_Speech(18);  
  92   3               Delay(30);
  93   3               SC_Speech(11);  
  94   3               Delay(50);
  95   3               voice_EN = 0;
  96   3               key_rotate_on_speech_number = 2;
  97   3               }
  98   2            break;
  99   2            
 100   2            case 2:
 101   2               {
 102   3               voice_EN = 1;
 103   3               SC_Speech(14);  
 104   3               Delay(25);
 105   3               SC_Speech(12);  
 106   3               Delay(50);
 107   3               voice_EN = 0;
 108   3               key_rotate_on_speech_number = 1;       
 109   3               }
 110   2            break;
 111   2            }
 112   1         }
 113             
 114          /*-----------------------------------------------------
 115             key_rotate_off_speech()
 116             speech for key rotated off
 117          void key_rotate_off_speech(void)
C51 COMPILER V9.51   VOICE                                                                 04/15/2014 14:04:52 PAGE 3   

 118             {
 119             voice_EN = 1;
 120             SC_Speech(13);
 121             Delay(40);
 122             voice_EN = 0;
 123             }
 124          ------------------------------------------------------*/
 125          
 126          /*----------------------------------------------------
 127             motorBAT_low_speech()
 128             电瓶电量低于最小限定值，语音提示。
 129          -----------------------------------------------------*/
 130          void motorBAT_low_speech(void)
 131             {
 132   1         voice_EN = 1;
 133   1         SC_Speech(6);
 134   1         Delay(60);
 135   1         voice_EN = 0;
 136   1         }
 137          
 138          /*----------------------------------------------------
 139             host_touch_speech()
 140             第一次碰主机，会有一句提示语音
 141          --------------------------------------------------------*/
 142          void host_touch_speech(void)
 143             {
 144   1         voice_EN = 1;
 145   1         SC_Speech(2);  
 146   1         Delay(60);
 147   1         voice_EN = 0;
 148   1         }
 149          
 150          /*-----------------------------------------------------
 151             host_2ndtouch_speech()
 152             第二次触碰主机，再报一个提示语音
 153          -------------------------------------------------------*/
 154          void host_2ndtouch_speech(void)
 155             {
 156   1         voice_EN = 1;
 157   1         SC_Speech(27);  
 158   1         Delay(80);
 159   1         voice_EN = 0;
 160   1         }
 161             
 162          /*----------------------------------------------------
 163             stolen_alarm_speech()
 164             判断为被盗的时候，发出报警语音第一段
 165          ----------------------------------------------------*/
 166          void stolen_alarm_speech1(void)
 167             {
 168   1         voice_EN = 1;
 169   1         SC_Speech(3); 
 170   1         Delay(160);
 171   1         voice_EN = 0; 
 172   1         }
 173          
 174          /*----------------------------------------------------
 175             stolen_alarm_speech()
 176             判断为被盗的时候，发出报警语音第二段
 177          ----------------------------------------------------*/
 178          void stolen_alarm_speech2(void)
 179             {
C51 COMPILER V9.51   VOICE                                                                 04/15/2014 14:04:52 PAGE 4   

 180   1         voice_EN = 1;
 181   1         SC_Speech(22); 
 182   1         Delay(160);
 183   1         voice_EN = 0;
 184   1         Delay(20);
 185   1         }
 186          
 187          /*----------------------------------------------------
 188             slave_nearby_speech()
 189             主机接到附机信号后，表明主机知道附机在附近，此时
 190             报一段语音。
 191          -----------------------------------------------------*/
 192          void slave_nearby_speech(void)
 193             {
 194   1         voice_EN=1;
 195   1         SC_Speech(23); 
 196   1         Delay(50);
 197   1         voice_EN=0;
 198   1         }
 199          
 200          /*----------------------------------------------------
 201             slave_away_speech()
 202             主机接不到附机信号后，表明主机认为附机离开了，此时
 203             报一段语音
 204          -----------------------------------------------------*/
 205          void slave_away_speech(void)
 206             {
 207   1         voice_EN = 1;
 208   1         // 车锁已锁上
 209   1         SC_Speech(24);  
 210   1         Delay(50);
 211   1         // 祝您平安返回
 212   1         SC_Speech(13);
 213   1         Delay(50);
 214   1         voice_EN = 0;
 215   1         }
 216          
 217          /*----------------------------------------------------
 218             battery_stolen_speech()
 219             主机检测到电平不在的时候，播报的语音
 220          -----------------------------------------------------*/
 221          void battery_stolen_speech(void)
 222             {
 223   1         voice_EN = 1;
 224   1         SC_Speech(19);  
 225   1         Delay(80);
 226   1         voice_EN = 0;
 227   1         }
 228          
 229          /*---------------------------------------------------
 230             end of file
 231          ----------------------------------------------------*/


MODULE INFORMATION:   STATIC OVERLAYABLE
   CODE SIZE        =    317    ----
   CONSTANT SIZE    =   ----    ----
   XDATA SIZE       =   ----    ----
   PDATA SIZE       =   ----    ----
   DATA SIZE        =      1       2
   IDATA SIZE       =   ----    ----
   BIT SIZE         =   ----    ----
C51 COMPILER V9.51   VOICE                                                                 04/15/2014 14:04:52 PAGE 5   

END OF MODULE INFORMATION.


C51 COMPILATION COMPLETE.  0 WARNING(S),  0 ERROR(S)
